<?xml version="1.0" encoding="UTF-8"?>
<coverage generated="1762422881035" clover="3.2.0">
  <project timestamp="1762422881035" name="All files">
    <metrics statements="150" coveredstatements="144" conditionals="96" coveredconditionals="90" methods="25" coveredmethods="25" elements="271" coveredelements="259" complexity="0" loc="150" ncloc="150" packages="3" files="5" classes="5"/>
    <package name="constants">
      <metrics statements="6" coveredstatements="0" conditionals="0" coveredconditionals="0" methods="0" coveredmethods="0"/>
      <file name="database.ts" path="/volume2/Project/MCD3/TUMON/mc-gate/packages/core/src/constants/database.ts">
        <metrics statements="6" coveredstatements="0" conditionals="0" coveredconditionals="0" methods="0" coveredmethods="0"/>
        <line num="8" count="0" type="stmt"/>
        <line num="13" count="0" type="stmt"/>
        <line num="18" count="0" type="stmt"/>
        <line num="23" count="0" type="stmt"/>
        <line num="29" count="0" type="stmt"/>
        <line num="34" count="0" type="stmt"/>
      </file>
    </package>
    <package name="queue">
      <metrics statements="93" coveredstatements="93" conditionals="45" coveredconditionals="42" methods="22" coveredmethods="22"/>
      <file name="idempotency.ts" path="/volume2/Project/MCD3/TUMON/mc-gate/packages/core/src/queue/idempotency.ts">
        <metrics statements="15" coveredstatements="15" conditionals="2" coveredconditionals="2" methods="4" coveredmethods="4"/>
        <line num="11" count="1" type="stmt"/>
        <line num="18" count="32" type="stmt"/>
        <line num="21" count="32" type="stmt"/>
        <line num="22" count="32" type="stmt"/>
        <line num="30" count="32" type="stmt"/>
        <line num="31" count="32" type="stmt"/>
        <line num="32" count="2985" type="stmt"/>
        <line num="33" count="2985" type="stmt"/>
        <line num="34" count="2985" type="stmt"/>
        <line num="36" count="32" type="stmt"/>
        <line num="42" count="1" type="stmt"/>
        <line num="43" count="32118" type="stmt"/>
        <line num="44" count="995658" type="stmt"/>
        <line num="45" count="995658" type="cond" truecount="2" falsecount="0"/>
        <line num="46" count="995658" type="stmt"/>
      </file>
      <file name="sqlite.ts" path="/volume2/Project/MCD3/TUMON/mc-gate/packages/core/src/queue/sqlite.ts">
        <metrics statements="44" coveredstatements="44" conditionals="25" coveredconditionals="23" methods="12" coveredmethods="12"/>
        <line num="17" count="1" type="stmt"/>
        <line num="21" count="56" type="stmt"/>
        <line num="28" count="2" type="stmt"/>
        <line num="47" count="1" type="stmt"/>
        <line num="52" count="1" type="stmt"/>
        <line num="62" count="8" type="stmt"/>
        <line num="64" count="8" type="stmt"/>
        <line num="93" count="11" type="stmt"/>
        <line num="101" count="10" type="stmt"/>
        <line num="113" count="11" type="stmt"/>
        <line num="115" count="11" type="stmt"/>
        <line num="130" count="5" type="stmt"/>
        <line num="136" count="4" type="stmt"/>
        <line num="138" count="4" type="stmt"/>
        <line num="139" count="5" type="cond" truecount="2" falsecount="0"/>
        <line num="140" count="3" type="cond" truecount="2" falsecount="0"/>
        <line num="141" count="1" type="cond" truecount="1" falsecount="1"/>
        <line num="144" count="4" type="stmt"/>
        <line num="156" count="10" type="stmt"/>
        <line num="157" count="10" type="stmt"/>
        <line num="158" count="10" type="stmt"/>
        <line num="161" count="10" type="stmt"/>
        <line num="174" count="9" type="stmt"/>
        <line num="175" count="9" type="stmt"/>
        <line num="177" count="9" type="stmt"/>
        <line num="178" count="7" type="cond" truecount="2" falsecount="0"/>
        <line num="179" count="3" type="cond" truecount="1" falsecount="1"/>
        <line num="182" count="9" type="stmt"/>
        <line num="184" count="9" type="stmt"/>
        <line num="195" count="5" type="stmt"/>
        <line num="204" count="4" type="cond" truecount="2" falsecount="0"/>
        <line num="205" count="1" type="stmt"/>
        <line num="219" count="8" type="cond" truecount="2" falsecount="0"/>
        <line num="220" count="8" type="cond" truecount="2" falsecount="0"/>
        <line num="222" count="8" type="stmt"/>
        <line num="223" count="8" type="stmt"/>
        <line num="225" count="8" type="cond" truecount="2" falsecount="0"/>
        <line num="226" count="2" type="stmt"/>
        <line num="227" count="2" type="stmt"/>
        <line num="230" count="8" type="stmt"/>
        <line num="231" count="8" type="stmt"/>
        <line num="233" count="8" type="stmt"/>
        <line num="234" count="7" type="stmt"/>
        <line num="241" count="12" type="stmt"/>
      </file>
      <file name="worker.ts" path="/volume2/Project/MCD3/TUMON/mc-gate/packages/core/src/queue/worker.ts">
        <metrics statements="34" coveredstatements="34" conditionals="18" coveredconditionals="17" methods="6" coveredmethods="6"/>
        <line num="19" count="1" type="stmt"/>
        <line num="21" count="37" type="stmt"/>
        <line num="22" count="37" type="stmt"/>
        <line num="25" count="37" type="stmt"/>
        <line num="36" count="12" type="cond" truecount="2" falsecount="0"/>
        <line num="38" count="11" type="stmt"/>
        <line num="39" count="11" type="stmt"/>
        <line num="46" count="6" type="stmt"/>
        <line num="48" count="6" type="cond" truecount="2" falsecount="0"/>
        <line num="49" count="4" type="stmt"/>
        <line num="50" count="4" type="stmt"/>
        <line num="58" count="34" type="stmt"/>
        <line num="60" count="33" type="stmt"/>
        <line num="61" count="33" type="stmt"/>
        <line num="63" count="33" type="stmt"/>
        <line num="64" count="30" type="stmt"/>
        <line num="65" count="30" type="stmt"/>
        <line num="67" count="14" type="cond" truecount="4" falsecount="0"/>
        <line num="69" count="11" type="stmt"/>
        <line num="74" count="10" type="stmt"/>
        <line num="77" count="2" type="stmt"/>
        <line num="80" count="20" type="stmt"/>
        <line num="81" count="20" type="cond" truecount="2" falsecount="0"/>
        <line num="83" count="20" type="cond" truecount="2" falsecount="0"/>
        <line num="85" count="9" type="stmt"/>
        <line num="91" count="9" type="stmt"/>
        <line num="94" count="11" type="stmt"/>
        <line num="104" count="32" type="stmt"/>
        <line num="111" count="21" type="cond" truecount="1" falsecount="1"/>
        <line num="113" count="21" type="stmt"/>
        <line num="114" count="10" type="stmt"/>
        <line num="115" count="10" type="stmt"/>
        <line num="117" count="1" type="stmt"/>
        <line num="120" count="10" type="stmt"/>
      </file>
    </package>
    <package name="rules">
      <metrics statements="51" coveredstatements="51" conditionals="51" coveredconditionals="48" methods="3" coveredmethods="3"/>
      <file name="engine.ts" path="/volume2/Project/MCD3/TUMON/mc-gate/packages/core/src/rules/engine.ts">
        <metrics statements="51" coveredstatements="51" conditionals="51" coveredconditionals="48" methods="3" coveredmethods="3"/>
        <line num="15" count="1" type="stmt"/>
        <line num="16" count="28" type="stmt"/>
        <line num="22" count="28" type="stmt"/>
        <line num="23" count="28" type="stmt"/>
        <line num="24" count="28" type="stmt"/>
        <line num="25" count="28" type="stmt"/>
        <line num="30" count="28" type="cond" truecount="4" falsecount="0"/>
        <line num="31" count="2" type="stmt"/>
        <line num="32" count="2" type="stmt"/>
        <line num="33" count="2" type="stmt"/>
        <line num="34" count="2" type="stmt"/>
        <line num="35" count="26" type="cond" truecount="2" falsecount="0"/>
        <line num="37" count="2" type="cond" truecount="1" falsecount="1"/>
        <line num="38" count="2" type="stmt"/>
        <line num="39" count="2" type="stmt"/>
        <line num="40" count="2" type="stmt"/>
        <line num="46" count="28" type="cond" truecount="4" falsecount="0"/>
        <line num="47" count="3" type="stmt"/>
        <line num="50" count="3" type="cond" truecount="2" falsecount="0"/>
        <line num="51" count="1" type="stmt"/>
        <line num="52" count="1" type="stmt"/>
        <line num="53" count="1" type="stmt"/>
        <line num="54" count="1" type="stmt"/>
        <line num="58" count="3" type="cond" truecount="1" falsecount="1"/>
        <line num="59" count="3" type="stmt"/>
        <line num="60" count="3" type="stmt"/>
        <line num="61" count="3" type="cond" truecount="2" falsecount="0"/>
        <line num="62" count="1" type="stmt"/>
        <line num="63" count="1" type="stmt"/>
        <line num="64" count="1" type="stmt"/>
        <line num="65" count="1" type="stmt"/>
        <line num="71" count="28" type="cond" truecount="2" falsecount="0"/>
        <line num="72" count="4" type="stmt"/>
        <line num="78" count="24" type="cond" truecount="4" falsecount="0"/>
        <line num="79" count="3" type="cond" truecount="1" falsecount="1"/>
        <line num="80" count="3" type="stmt"/>
        <line num="87" count="24" type="cond" truecount="4" falsecount="0"/>
        <line num="88" count="22" type="cond" truecount="2" falsecount="0"/>
        <line num="89" count="2" type="cond" truecount="2" falsecount="0"/>
        <line num="90" count="2" type="stmt"/>
        <line num="91" count="20" type="cond" truecount="2" falsecount="0"/>
        <line num="92" count="2" type="cond" truecount="2" falsecount="0"/>
        <line num="93" count="2" type="stmt"/>
        <line num="100" count="24" type="cond" truecount="2" falsecount="0"/>
        <line num="105" count="2" type="cond" truecount="2" falsecount="0"/>
        <line num="106" count="2" type="stmt"/>
        <line num="112" count="24" type="cond" truecount="4" falsecount="0"/>
        <line num="113" count="2" type="cond" truecount="2" falsecount="0"/>
        <line num="114" count="2" type="stmt"/>
        <line num="117" count="24" type="stmt"/>
        <line num="129" count="2" type="stmt"/>
      </file>
    </package>
  </project>
</coverage>
