{"/volume2/Project/MCD3/TUMON/mc-gate/packages/core/src/constants/database.ts": {"path":"/volume2/Project/MCD3/TUMON/mc-gate/packages/core/src/constants/database.ts","statementMap":{"0":{"start":{"line":8,"column":13},"end":{"line":8,"column":36}},"1":{"start":{"line":13,"column":13},"end":{"line":13,"column":43}},"2":{"start":{"line":18,"column":13},"end":{"line":18,"column":37}},"3":{"start":{"line":23,"column":13},"end":{"line":23,"column":41}},"4":{"start":{"line":29,"column":13},"end":{"line":29,"column":38}},"5":{"start":{"line":34,"column":13},"end":{"line":34,"column":29}}},"fnMap":{},"branchMap":{},"s":{"0":0,"1":0,"2":0,"3":0,"4":0,"5":0},"f":{},"b":{}}
,"/volume2/Project/MCD3/TUMON/mc-gate/packages/core/src/queue/idempotency.ts": {"path":"/volume2/Project/MCD3/TUMON/mc-gate/packages/core/src/queue/idempotency.ts","statementMap":{"0":{"start":{"line":11,"column":0},"end":{"line":11,"column":16}},"1":{"start":{"line":42,"column":0},"end":{"line":42,"column":16}},"2":{"start":{"line":18,"column":25},"end":{"line":18,"column":55}},"3":{"start":{"line":21,"column":14},"end":{"line":21,"column":94}},"4":{"start":{"line":22,"column":2},"end":{"line":22,"column":25}},"5":{"start":{"line":30,"column":13},"end":{"line":30,"column":14}},"6":{"start":{"line":31,"column":2},"end":{"line":35,"column":3}},"7":{"start":{"line":31,"column":15},"end":{"line":31,"column":16}},"8":{"start":{"line":32,"column":17},"end":{"line":32,"column":36}},"9":{"start":{"line":33,"column":4},"end":{"line":33,"column":37}},"10":{"start":{"line":34,"column":4},"end":{"line":34,"column":23}},"11":{"start":{"line":36,"column":2},"end":{"line":36,"column":37}},"12":{"start":{"line":43,"column":2},"end":{"line":47,"column":5}},"13":{"start":{"line":44,"column":14},"end":{"line":44,"column":38}},"14":{"start":{"line":45,"column":14},"end":{"line":45,"column":45}},"15":{"start":{"line":46,"column":4},"end":{"line":46,"column":26}}},"fnMap":{"0":{"name":"makeIdempotencyKey","decl":{"start":{"line":11,"column":16},"end":{"line":11,"column":34}},"loc":{"start":{"line":16,"column":1},"end":{"line":23,"column":1}}},"1":{"name":"simpleHash","decl":{"start":{"line":29,"column":9},"end":{"line":29,"column":19}},"loc":{"start":{"line":29,"column":33},"end":{"line":37,"column":1}}},"2":{"name":"generateUUID","decl":{"start":{"line":42,"column":16},"end":{"line":42,"column":28}},"loc":{"start":{"line":42,"column":28},"end":{"line":48,"column":1}}},"3":{"name":"(anonymous_3)","decl":{"start":{"line":43,"column":65},"end":{"line":43,"column":66}},"loc":{"start":{"line":43,"column":71},"end":{"line":47,"column":3}}}},"branchMap":{"0":{"loc":{"start":{"line":45,"column":14},"end":{"line":45,"column":45}},"type":"cond-expr","locations":[{"start":{"line":45,"column":26},"end":{"line":45,"column":27}},{"start":{"line":45,"column":30},"end":{"line":45,"column":45}}]}},"s":{"0":1,"1":1,"2":32,"3":32,"4":32,"5":32,"6":32,"7":32,"8":2985,"9":2985,"10":2985,"11":32,"12":32118,"13":995658,"14":995658,"15":995658},"f":{"0":32,"1":32,"2":32118,"3":995658},"b":{"0":[963540,32118]}}
,"/volume2/Project/MCD3/TUMON/mc-gate/packages/core/src/queue/sqlite.ts": {"path":"/volume2/Project/MCD3/TUMON/mc-gate/packages/core/src/queue/sqlite.ts","statementMap":{"0":{"start":{"line":21,"column":4},"end":{"line":21,"column":17}},"1":{"start":{"line":28,"column":4},"end":{"line":45,"column":7}},"2":{"start":{"line":47,"column":4},"end":{"line":50,"column":7}},"3":{"start":{"line":52,"column":4},"end":{"line":55,"column":7}},"4":{"start":{"line":62,"column":16},"end":{"line":62,"column":40}},"5":{"start":{"line":64,"column":4},"end":{"line":86,"column":6}},"6":{"start":{"line":93,"column":17},"end":{"line":98,"column":null}},"7":{"start":{"line":101,"column":4},"end":{"line":101,"column":37}},"8":{"start":{"line":113,"column":16},"end":{"line":113,"column":40}},"9":{"start":{"line":115,"column":4},"end":{"line":123,"column":6}},"10":{"start":{"line":130,"column":17},"end":{"line":133,"column":null}},"11":{"start":{"line":136,"column":19},"end":{"line":136,"column":53}},"12":{"start":{"line":138,"column":4},"end":{"line":142,"column":7}},"13":{"start":{"line":139,"column":6},"end":{"line":141,"column":66}},"14":{"start":{"line":139,"column":36},"end":{"line":139,"column":63}},"15":{"start":{"line":140,"column":11},"end":{"line":141,"column":66}},"16":{"start":{"line":140,"column":38},"end":{"line":140,"column":62}},"17":{"start":{"line":141,"column":11},"end":{"line":141,"column":66}},"18":{"start":{"line":141,"column":40},"end":{"line":141,"column":66}},"19":{"start":{"line":144,"column":4},"end":{"line":144,"column":18}},"20":{"start":{"line":156,"column":18},"end":{"line":156,"column":28}},"21":{"start":{"line":157,"column":4},"end":{"line":157,"column":31}},"22":{"start":{"line":158,"column":21},"end":{"line":158,"column":40}},"23":{"start":{"line":161,"column":17},"end":{"line":171,"column":null}},"24":{"start":{"line":174,"column":18},"end":{"line":174,"column":19}},"25":{"start":{"line":175,"column":19},"end":{"line":175,"column":20}},"26":{"start":{"line":177,"column":4},"end":{"line":180,"column":7}},"27":{"start":{"line":178,"column":6},"end":{"line":179,"column":64}},"28":{"start":{"line":178,"column":37},"end":{"line":178,"column":57}},"29":{"start":{"line":179,"column":11},"end":{"line":179,"column":64}},"30":{"start":{"line":179,"column":43},"end":{"line":179,"column":64}},"31":{"start":{"line":182,"column":26},"end":{"line":182,"column":57}},"32":{"start":{"line":184,"column":4},"end":{"line":188,"column":6}},"33":{"start":{"line":195,"column":17},"end":{"line":201,"column":null}},"34":{"start":{"line":204,"column":4},"end":{"line":204,"column":39}},"35":{"start":{"line":204,"column":27},"end":{"line":204,"column":39}},"36":{"start":{"line":205,"column":4},"end":{"line":205,"column":36}},"37":{"start":{"line":219,"column":18},"end":{"line":219,"column":39}},"38":{"start":{"line":220,"column":19},"end":{"line":220,"column":39}},"39":{"start":{"line":222,"column":16},"end":{"line":222,"column":64}},"40":{"start":{"line":223,"column":26},"end":{"line":223,"column":37}},"41":{"start":{"line":225,"column":4},"end":{"line":228,"column":5}},"42":{"start":{"line":226,"column":6},"end":{"line":226,"column":43}},"43":{"start":{"line":227,"column":6},"end":{"line":227,"column":34}},"44":{"start":{"line":230,"column":4},"end":{"line":230,"column":59}},"45":{"start":{"line":231,"column":4},"end":{"line":231,"column":31}},"46":{"start":{"line":233,"column":17},"end":{"line":233,"column":62}},"47":{"start":{"line":234,"column":4},"end":{"line":234,"column":37}},"48":{"start":{"line":241,"column":4},"end":{"line":256,"column":6}},"49":{"start":{"line":17,"column":0},"end":{"line":17,"column":13}}},"fnMap":{"0":{"name":"(anonymous_0)","decl":{"start":{"line":20,"column":2},"end":{"line":20,"column":14}},"loc":{"start":{"line":20,"column":32},"end":{"line":22,"column":3}}},"1":{"name":"(anonymous_1)","decl":{"start":{"line":27,"column":2},"end":{"line":27,"column":7}},"loc":{"start":{"line":27,"column":18},"end":{"line":56,"column":3}}},"2":{"name":"(anonymous_2)","decl":{"start":{"line":61,"column":2},"end":{"line":61,"column":7}},"loc":{"start":{"line":61,"column":28},"end":{"line":87,"column":3}}},"3":{"name":"(anonymous_3)","decl":{"start":{"line":92,"column":2},"end":{"line":92,"column":7}},"loc":{"start":{"line":92,"column":37},"end":{"line":102,"column":3}}},"4":{"name":"(anonymous_4)","decl":{"start":{"line":107,"column":2},"end":{"line":107,"column":7}},"loc":{"start":{"line":111,"column":22},"end":{"line":124,"column":3}}},"5":{"name":"(anonymous_5)","decl":{"start":{"line":129,"column":2},"end":{"line":129,"column":7}},"loc":{"start":{"line":129,"column":16},"end":{"line":145,"column":3}}},"6":{"name":"(anonymous_6)","decl":{"start":{"line":138,"column":17},"end":{"line":138,"column":18}},"loc":{"start":{"line":138,"column":25},"end":{"line":142,"column":5}}},"7":{"name":"(anonymous_7)","decl":{"start":{"line":150,"column":2},"end":{"line":150,"column":7}},"loc":{"start":{"line":150,"column":39},"end":{"line":189,"column":3}}},"8":{"name":"(anonymous_8)","decl":{"start":{"line":177,"column":17},"end":{"line":177,"column":18}},"loc":{"start":{"line":177,"column":25},"end":{"line":180,"column":5}}},"9":{"name":"(anonymous_9)","decl":{"start":{"line":194,"column":2},"end":{"line":194,"column":7}},"loc":{"start":{"line":194,"column":40},"end":{"line":206,"column":3}}},"10":{"name":"(anonymous_10)","decl":{"start":{"line":211,"column":2},"end":{"line":211,"column":7}},"loc":{"start":{"line":217,"column":5},"end":{"line":235,"column":3}}},"11":{"name":"(anonymous_11)","decl":{"start":{"line":240,"column":10},"end":{"line":240,"column":20}},"loc":{"start":{"line":240,"column":29},"end":{"line":257,"column":3}}}},"branchMap":{"0":{"loc":{"start":{"line":81,"column":8},"end":{"line":81,"column":41}},"type":"binary-expr","locations":[{"start":{"line":81,"column":8},"end":{"line":81,"column":33}},{"start":{"line":81,"column":37},"end":{"line":81,"column":41}}]},"1":{"loc":{"start":{"line":92,"column":19},"end":{"line":92,"column":37}},"type":"default-arg","locations":[{"start":{"line":92,"column":35},"end":{"line":92,"column":37}}]},"2":{"loc":{"start":{"line":122,"column":25},"end":{"line":122,"column":42}},"type":"binary-expr","locations":[{"start":{"line":122,"column":25},"end":{"line":122,"column":34}},{"start":{"line":122,"column":38},"end":{"line":122,"column":42}}]},"3":{"loc":{"start":{"line":139,"column":6},"end":{"line":141,"column":66}},"type":"if","locations":[{"start":{"line":139,"column":6},"end":{"line":141,"column":66}},{"start":{"line":140,"column":11},"end":{"line":141,"column":66}}]},"4":{"loc":{"start":{"line":140,"column":11},"end":{"line":141,"column":66}},"type":"if","locations":[{"start":{"line":140,"column":11},"end":{"line":141,"column":66}},{"start":{"line":141,"column":11},"end":{"line":141,"column":66}}]},"5":{"loc":{"start":{"line":141,"column":11},"end":{"line":141,"column":66}},"type":"if","locations":[{"start":{"line":141,"column":11},"end":{"line":141,"column":66}},{"start":{},"end":{}}]},"6":{"loc":{"start":{"line":178,"column":6},"end":{"line":179,"column":64}},"type":"if","locations":[{"start":{"line":178,"column":6},"end":{"line":179,"column":64}},{"start":{"line":179,"column":11},"end":{"line":179,"column":64}}]},"7":{"loc":{"start":{"line":179,"column":11},"end":{"line":179,"column":64}},"type":"if","locations":[{"start":{"line":179,"column":11},"end":{"line":179,"column":64}},{"start":{},"end":{}}]},"8":{"loc":{"start":{"line":204,"column":4},"end":{"line":204,"column":39}},"type":"if","locations":[{"start":{"line":204,"column":4},"end":{"line":204,"column":39}},{"start":{},"end":{}}]},"9":{"loc":{"start":{"line":219,"column":18},"end":{"line":219,"column":39}},"type":"binary-expr","locations":[{"start":{"line":219,"column":18},"end":{"line":219,"column":32}},{"start":{"line":219,"column":36},"end":{"line":219,"column":39}}]},"10":{"loc":{"start":{"line":220,"column":19},"end":{"line":220,"column":39}},"type":"binary-expr","locations":[{"start":{"line":220,"column":19},"end":{"line":220,"column":34}},{"start":{"line":220,"column":38},"end":{"line":220,"column":39}}]},"11":{"loc":{"start":{"line":225,"column":4},"end":{"line":228,"column":5}},"type":"if","locations":[{"start":{"line":225,"column":4},"end":{"line":228,"column":5}},{"start":{},"end":{}}]},"12":{"loc":{"start":{"line":253,"column":19},"end":{"line":253,"column":56}},"type":"binary-expr","locations":[{"start":{"line":253,"column":19},"end":{"line":253,"column":43}},{"start":{"line":253,"column":47},"end":{"line":253,"column":56}}]}},"s":{"0":56,"1":2,"2":1,"3":1,"4":8,"5":8,"6":11,"7":10,"8":11,"9":11,"10":5,"11":4,"12":4,"13":5,"14":2,"15":3,"16":2,"17":1,"18":1,"19":4,"20":10,"21":10,"22":10,"23":10,"24":9,"25":9,"26":9,"27":7,"28":4,"29":3,"30":3,"31":9,"32":9,"33":5,"34":4,"35":3,"36":1,"37":8,"38":8,"39":8,"40":8,"41":8,"42":2,"43":2,"44":8,"45":8,"46":8,"47":7,"48":12,"49":1},"f":{"0":56,"1":2,"2":8,"3":11,"4":11,"5":5,"6":5,"7":10,"8":7,"9":5,"10":8,"11":12},"b":{"0":[8,7],"1":[10],"2":[11,8],"3":[2,3],"4":[2,1],"5":[1,0],"6":[4,3],"7":[3,0],"8":[3,1],"9":[8,6],"10":[8,6],"11":[2,6],"12":[12,10]}}
,"/volume2/Project/MCD3/TUMON/mc-gate/packages/core/src/queue/worker.ts": {"path":"/volume2/Project/MCD3/TUMON/mc-gate/packages/core/src/queue/worker.ts","statementMap":{"0":{"start":{"line":21,"column":41},"end":{"line":21,"column":45}},"1":{"start":{"line":22,"column":20},"end":{"line":22,"column":25}},"2":{"start":{"line":25,"column":4},"end":{"line":29,"column":6}},"3":{"start":{"line":36,"column":4},"end":{"line":36,"column":29}},"4":{"start":{"line":36,"column":22},"end":{"line":36,"column":29}},"5":{"start":{"line":38,"column":4},"end":{"line":38,"column":24}},"6":{"start":{"line":39,"column":4},"end":{"line":39,"column":24}},"7":{"start":{"line":46,"column":4},"end":{"line":46,"column":25}},"8":{"start":{"line":48,"column":4},"end":{"line":51,"column":5}},"9":{"start":{"line":49,"column":6},"end":{"line":49,"column":31}},"10":{"start":{"line":50,"column":6},"end":{"line":50,"column":24}},"11":{"start":{"line":58,"column":20},"end":{"line":58,"column":56}},"12":{"start":{"line":60,"column":15},"end":{"line":60,"column":16}},"13":{"start":{"line":61,"column":17},"end":{"line":61,"column":18}},"14":{"start":{"line":63,"column":4},"end":{"line":102,"column":5}},"15":{"start":{"line":64,"column":6},"end":{"line":101,"column":7}},"16":{"start":{"line":65,"column":23},"end":{"line":65,"column":54}},"17":{"start":{"line":67,"column":8},"end":{"line":78,"column":9}},"18":{"start":{"line":69,"column":10},"end":{"line":73,"column":12}},"19":{"start":{"line":74,"column":10},"end":{"line":74,"column":17}},"20":{"start":{"line":77,"column":10},"end":{"line":77,"column":48}},"21":{"start":{"line":80,"column":28},"end":{"line":80,"column":56}},"22":{"start":{"line":81,"column":29},"end":{"line":81,"column":78}},"23":{"start":{"line":83,"column":8},"end":{"line":100,"column":9}},"24":{"start":{"line":85,"column":10},"end":{"line":90,"column":12}},"25":{"start":{"line":91,"column":10},"end":{"line":91,"column":19}},"26":{"start":{"line":94,"column":10},"end":{"line":99,"column":12}},"27":{"start":{"line":104,"column":4},"end":{"line":104,"column":28}},"28":{"start":{"line":111,"column":4},"end":{"line":111,"column":30}},"29":{"start":{"line":111,"column":23},"end":{"line":111,"column":30}},"30":{"start":{"line":113,"column":4},"end":{"line":121,"column":31}},"31":{"start":{"line":114,"column":6},"end":{"line":118,"column":7}},"32":{"start":{"line":115,"column":8},"end":{"line":115,"column":29}},"33":{"start":{"line":117,"column":8},"end":{"line":117,"column":39}},"34":{"start":{"line":120,"column":6},"end":{"line":120,"column":26}},"35":{"start":{"line":19,"column":0},"end":{"line":19,"column":13}}},"fnMap":{"0":{"name":"(anonymous_0)","decl":{"start":{"line":24,"column":2},"end":{"line":24,"column":14}},"loc":{"start":{"line":24,"column":38},"end":{"line":30,"column":3}}},"1":{"name":"(anonymous_1)","decl":{"start":{"line":35,"column":2},"end":{"line":35,"column":7}},"loc":{"start":{"line":35,"column":7},"end":{"line":40,"column":3}}},"2":{"name":"(anonymous_2)","decl":{"start":{"line":45,"column":2},"end":{"line":45,"column":6}},"loc":{"start":{"line":45,"column":6},"end":{"line":52,"column":3}}},"3":{"name":"(anonymous_3)","decl":{"start":{"line":57,"column":2},"end":{"line":57,"column":7}},"loc":{"start":{"line":57,"column":15},"end":{"line":105,"column":3}}},"4":{"name":"(anonymous_4)","decl":{"start":{"line":110,"column":10},"end":{"line":110,"column":22}},"loc":{"start":{"line":110,"column":22},"end":{"line":122,"column":3}}},"5":{"name":"(anonymous_5)","decl":{"start":{"line":113,"column":28},"end":{"line":113,"column":33}},"loc":{"start":{"line":113,"column":39},"end":{"line":121,"column":5}}}},"branchMap":{"0":{"loc":{"start":{"line":27,"column":18},"end":{"line":27,"column":44}},"type":"binary-expr","locations":[{"start":{"line":27,"column":18},"end":{"line":27,"column":35}},{"start":{"line":27,"column":39},"end":{"line":27,"column":44}}]},"1":{"loc":{"start":{"line":28,"column":18},"end":{"line":28,"column":40}},"type":"binary-expr","locations":[{"start":{"line":28,"column":18},"end":{"line":28,"column":35}},{"start":{"line":28,"column":39},"end":{"line":28,"column":40}}]},"2":{"loc":{"start":{"line":36,"column":4},"end":{"line":36,"column":29}},"type":"if","locations":[{"start":{"line":36,"column":4},"end":{"line":36,"column":29}},{"start":{},"end":{}}]},"3":{"loc":{"start":{"line":48,"column":4},"end":{"line":51,"column":5}},"type":"if","locations":[{"start":{"line":48,"column":4},"end":{"line":51,"column":5}},{"start":{},"end":{}}]},"4":{"loc":{"start":{"line":67,"column":8},"end":{"line":78,"column":9}},"type":"if","locations":[{"start":{"line":67,"column":8},"end":{"line":78,"column":9}},{"start":{"line":75,"column":15},"end":{"line":78,"column":9}}]},"5":{"loc":{"start":{"line":67,"column":12},"end":{"line":67,"column":50}},"type":"binary-expr","locations":[{"start":{"line":67,"column":12},"end":{"line":67,"column":26}},{"start":{"line":67,"column":30},"end":{"line":67,"column":50}}]},"6":{"loc":{"start":{"line":81,"column":29},"end":{"line":81,"column":78}},"type":"cond-expr","locations":[{"start":{"line":81,"column":54},"end":{"line":81,"column":67}},{"start":{"line":81,"column":70},"end":{"line":81,"column":78}}]},"7":{"loc":{"start":{"line":83,"column":8},"end":{"line":100,"column":9}},"type":"if","locations":[{"start":{"line":83,"column":8},"end":{"line":100,"column":9}},{"start":{"line":92,"column":15},"end":{"line":100,"column":9}}]},"8":{"loc":{"start":{"line":111,"column":4},"end":{"line":111,"column":30}},"type":"if","locations":[{"start":{"line":111,"column":4},"end":{"line":111,"column":30}},{"start":{},"end":{}}]}},"s":{"0":37,"1":37,"2":37,"3":12,"4":1,"5":11,"6":11,"7":6,"8":6,"9":4,"10":4,"11":34,"12":33,"13":33,"14":33,"15":30,"16":30,"17":14,"18":11,"19":10,"20":2,"21":20,"22":20,"23":20,"24":9,"25":9,"26":11,"27":32,"28":21,"29":0,"30":21,"31":10,"32":10,"33":1,"34":10,"35":1},"f":{"0":37,"1":12,"2":6,"3":34,"4":21,"5":10},"b":{"0":[37,25],"1":[37,12],"2":[1,11],"3":[4,2],"4":[11,2],"5":[14,12],"6":[19,1],"7":[9,11],"8":[0,21]}}
,"/volume2/Project/MCD3/TUMON/mc-gate/packages/core/src/rules/engine.ts": {"path":"/volume2/Project/MCD3/TUMON/mc-gate/packages/core/src/rules/engine.ts","statementMap":{"0":{"start":{"line":16,"column":22},"end":{"line":16,"column":46}},"1":{"start":{"line":22,"column":31},"end":{"line":22,"column":33}},"2":{"start":{"line":23,"column":29},"end":{"line":23,"column":36}},"3":{"start":{"line":24,"column":21},"end":{"line":24,"column":25}},"4":{"start":{"line":25,"column":22},"end":{"line":25,"column":26}},"5":{"start":{"line":30,"column":4},"end":{"line":41,"column":5}},"6":{"start":{"line":31,"column":6},"end":{"line":31,"column":23}},"7":{"start":{"line":32,"column":6},"end":{"line":32,"column":25}},"8":{"start":{"line":33,"column":6},"end":{"line":33,"column":26}},"9":{"start":{"line":34,"column":6},"end":{"line":34,"column":45}},"10":{"start":{"line":35,"column":11},"end":{"line":41,"column":5}},"11":{"start":{"line":37,"column":6},"end":{"line":37,"column":46}},"12":{"start":{"line":37,"column":30},"end":{"line":37,"column":46}},"13":{"start":{"line":38,"column":6},"end":{"line":38,"column":50}},"14":{"start":{"line":39,"column":6},"end":{"line":39,"column":24}},"15":{"start":{"line":40,"column":6},"end":{"line":40,"column":26}},"16":{"start":{"line":46,"column":4},"end":{"line":68,"column":5}},"17":{"start":{"line":47,"column":41},"end":{"line":47,"column":63}},"18":{"start":{"line":50,"column":6},"end":{"line":55,"column":7}},"19":{"start":{"line":51,"column":8},"end":{"line":51,"column":25}},"20":{"start":{"line":52,"column":8},"end":{"line":52,"column":27}},"21":{"start":{"line":53,"column":8},"end":{"line":53,"column":28}},"22":{"start":{"line":54,"column":8},"end":{"line":54,"column":57}},"23":{"start":{"line":58,"column":6},"end":{"line":67,"column":7}},"24":{"start":{"line":59,"column":23},"end":{"line":59,"column":43}},"25":{"start":{"line":60,"column":20},"end":{"line":60,"column":30}},"26":{"start":{"line":61,"column":8},"end":{"line":66,"column":9}},"27":{"start":{"line":62,"column":10},"end":{"line":62,"column":27}},"28":{"start":{"line":63,"column":10},"end":{"line":63,"column":29}},"29":{"start":{"line":64,"column":10},"end":{"line":64,"column":30}},"30":{"start":{"line":65,"column":10},"end":{"line":65,"column":49}},"31":{"start":{"line":71,"column":4},"end":{"line":73,"column":5}},"32":{"start":{"line":72,"column":6},"end":{"line":72,"column":59}},"33":{"start":{"line":78,"column":4},"end":{"line":82,"column":5}},"34":{"start":{"line":79,"column":6},"end":{"line":79,"column":46}},"35":{"start":{"line":79,"column":30},"end":{"line":79,"column":46}},"36":{"start":{"line":80,"column":6},"end":{"line":80,"column":48}},"37":{"start":{"line":87,"column":4},"end":{"line":95,"column":5}},"38":{"start":{"line":88,"column":6},"end":{"line":94,"column":7}},"39":{"start":{"line":89,"column":8},"end":{"line":89,"column":48}},"40":{"start":{"line":89,"column":32},"end":{"line":89,"column":48}},"41":{"start":{"line":90,"column":8},"end":{"line":90,"column":39}},"42":{"start":{"line":91,"column":13},"end":{"line":94,"column":7}},"43":{"start":{"line":92,"column":8},"end":{"line":92,"column":48}},"44":{"start":{"line":92,"column":32},"end":{"line":92,"column":48}},"45":{"start":{"line":93,"column":8},"end":{"line":93,"column":40}},"46":{"start":{"line":100,"column":4},"end":{"line":107,"column":5}},"47":{"start":{"line":105,"column":6},"end":{"line":105,"column":46}},"48":{"start":{"line":105,"column":30},"end":{"line":105,"column":46}},"49":{"start":{"line":106,"column":6},"end":{"line":106,"column":41}},"50":{"start":{"line":112,"column":4},"end":{"line":115,"column":5}},"51":{"start":{"line":113,"column":6},"end":{"line":113,"column":46}},"52":{"start":{"line":113,"column":30},"end":{"line":113,"column":46}},"53":{"start":{"line":114,"column":6},"end":{"line":114,"column":42}},"54":{"start":{"line":117,"column":4},"end":{"line":122,"column":6}},"55":{"start":{"line":129,"column":4},"end":{"line":129,"column":58}},"56":{"start":{"line":15,"column":0},"end":{"line":15,"column":13}}},"fnMap":{"0":{"name":"(anonymous_0)","decl":{"start":{"line":16,"column":2},"end":{"line":16,"column":22}},"loc":{"start":{"line":16,"column":46},"end":{"line":16,"column":50}}},"1":{"name":"(anonymous_1)","decl":{"start":{"line":21,"column":2},"end":{"line":21,"column":10}},"loc":{"start":{"line":21,"column":29},"end":{"line":123,"column":3}}},"2":{"name":"(anonymous_2)","decl":{"start":{"line":128,"column":2},"end":{"line":128,"column":14}},"loc":{"start":{"line":128,"column":43},"end":{"line":130,"column":3}}}},"branchMap":{"0":{"loc":{"start":{"line":30,"column":4},"end":{"line":41,"column":5}},"type":"if","locations":[{"start":{"line":30,"column":4},"end":{"line":41,"column":5}},{"start":{"line":35,"column":11},"end":{"line":41,"column":5}}]},"1":{"loc":{"start":{"line":30,"column":8},"end":{"line":30,"column":62}},"type":"binary-expr","locations":[{"start":{"line":30,"column":8},"end":{"line":30,"column":36}},{"start":{"line":30,"column":40},"end":{"line":30,"column":62}}]},"2":{"loc":{"start":{"line":35,"column":11},"end":{"line":41,"column":5}},"type":"if","locations":[{"start":{"line":35,"column":11},"end":{"line":41,"column":5}},{"start":{},"end":{}}]},"3":{"loc":{"start":{"line":37,"column":6},"end":{"line":37,"column":46}},"type":"if","locations":[{"start":{"line":37,"column":6},"end":{"line":37,"column":46}},{"start":{},"end":{}}]},"4":{"loc":{"start":{"line":46,"column":4},"end":{"line":68,"column":5}},"type":"if","locations":[{"start":{"line":46,"column":4},"end":{"line":68,"column":5}},{"start":{},"end":{}}]},"5":{"loc":{"start":{"line":46,"column":8},"end":{"line":46,"column":65}},"type":"binary-expr","locations":[{"start":{"line":46,"column":8},"end":{"line":46,"column":39}},{"start":{"line":46,"column":43},"end":{"line":46,"column":65}}]},"6":{"loc":{"start":{"line":50,"column":6},"end":{"line":55,"column":7}},"type":"if","locations":[{"start":{"line":50,"column":6},"end":{"line":55,"column":7}},{"start":{},"end":{}}]},"7":{"loc":{"start":{"line":58,"column":6},"end":{"line":67,"column":7}},"type":"if","locations":[{"start":{"line":58,"column":6},"end":{"line":67,"column":7}},{"start":{},"end":{}}]},"8":{"loc":{"start":{"line":61,"column":8},"end":{"line":66,"column":9}},"type":"if","locations":[{"start":{"line":61,"column":8},"end":{"line":66,"column":9}},{"start":{},"end":{}}]},"9":{"loc":{"start":{"line":71,"column":4},"end":{"line":73,"column":5}},"type":"if","locations":[{"start":{"line":71,"column":4},"end":{"line":73,"column":5}},{"start":{},"end":{}}]},"10":{"loc":{"start":{"line":78,"column":4},"end":{"line":82,"column":5}},"type":"if","locations":[{"start":{"line":78,"column":4},"end":{"line":82,"column":5}},{"start":{},"end":{}}]},"11":{"loc":{"start":{"line":78,"column":8},"end":{"line":78,"column":72}},"type":"binary-expr","locations":[{"start":{"line":78,"column":8},"end":{"line":78,"column":45}},{"start":{"line":78,"column":49},"end":{"line":78,"column":72}}]},"12":{"loc":{"start":{"line":79,"column":6},"end":{"line":79,"column":46}},"type":"if","locations":[{"start":{"line":79,"column":6},"end":{"line":79,"column":46}},{"start":{},"end":{}}]},"13":{"loc":{"start":{"line":87,"column":4},"end":{"line":95,"column":5}},"type":"if","locations":[{"start":{"line":87,"column":4},"end":{"line":95,"column":5}},{"start":{},"end":{}}]},"14":{"loc":{"start":{"line":87,"column":8},"end":{"line":87,"column":61}},"type":"binary-expr","locations":[{"start":{"line":87,"column":8},"end":{"line":87,"column":33}},{"start":{"line":87,"column":37},"end":{"line":87,"column":61}}]},"15":{"loc":{"start":{"line":88,"column":6},"end":{"line":94,"column":7}},"type":"if","locations":[{"start":{"line":88,"column":6},"end":{"line":94,"column":7}},{"start":{"line":91,"column":13},"end":{"line":94,"column":7}}]},"16":{"loc":{"start":{"line":89,"column":8},"end":{"line":89,"column":48}},"type":"if","locations":[{"start":{"line":89,"column":8},"end":{"line":89,"column":48}},{"start":{},"end":{}}]},"17":{"loc":{"start":{"line":91,"column":13},"end":{"line":94,"column":7}},"type":"if","locations":[{"start":{"line":91,"column":13},"end":{"line":94,"column":7}},{"start":{},"end":{}}]},"18":{"loc":{"start":{"line":92,"column":8},"end":{"line":92,"column":48}},"type":"if","locations":[{"start":{"line":92,"column":8},"end":{"line":92,"column":48}},{"start":{},"end":{}}]},"19":{"loc":{"start":{"line":100,"column":4},"end":{"line":107,"column":5}},"type":"if","locations":[{"start":{"line":100,"column":4},"end":{"line":107,"column":5}},{"start":{},"end":{}}]},"20":{"loc":{"start":{"line":101,"column":6},"end":{"line":103,"column":35}},"type":"binary-expr","locations":[{"start":{"line":101,"column":6},"end":{"line":101,"column":34}},{"start":{"line":102,"column":6},"end":{"line":102,"column":24}},{"start":{"line":103,"column":6},"end":{"line":103,"column":35}}]},"21":{"loc":{"start":{"line":105,"column":6},"end":{"line":105,"column":46}},"type":"if","locations":[{"start":{"line":105,"column":6},"end":{"line":105,"column":46}},{"start":{},"end":{}}]},"22":{"loc":{"start":{"line":112,"column":4},"end":{"line":115,"column":5}},"type":"if","locations":[{"start":{"line":112,"column":4},"end":{"line":115,"column":5}},{"start":{},"end":{}}]},"23":{"loc":{"start":{"line":112,"column":8},"end":{"line":112,"column":71}},"type":"binary-expr","locations":[{"start":{"line":112,"column":8},"end":{"line":112,"column":44}},{"start":{"line":112,"column":48},"end":{"line":112,"column":71}}]},"24":{"loc":{"start":{"line":113,"column":6},"end":{"line":113,"column":46}},"type":"if","locations":[{"start":{"line":113,"column":6},"end":{"line":113,"column":46}},{"start":{},"end":{}}]}},"s":{"0":28,"1":28,"2":28,"3":28,"4":28,"5":28,"6":2,"7":2,"8":2,"9":2,"10":26,"11":2,"12":2,"13":2,"14":2,"15":2,"16":28,"17":3,"18":3,"19":1,"20":1,"21":1,"22":1,"23":3,"24":3,"25":3,"26":3,"27":1,"28":1,"29":1,"30":1,"31":28,"32":4,"33":24,"34":3,"35":3,"36":3,"37":24,"38":22,"39":2,"40":1,"41":2,"42":20,"43":2,"44":1,"45":2,"46":24,"47":2,"48":1,"49":2,"50":24,"51":2,"52":1,"53":2,"54":24,"55":2,"56":1},"f":{"0":28,"1":28,"2":2},"b":{"0":[2,26],"1":[28,26],"2":[2,24],"3":[2,0],"4":[3,25],"5":[28,27],"6":[1,2],"7":[3,0],"8":[1,2],"9":[4,24],"10":[3,21],"11":[24,22],"12":[3,0],"13":[22,2],"14":[24,23],"15":[2,20],"16":[1,1],"17":[2,18],"18":[1,1],"19":[2,22],"20":[24,23,3],"21":[1,1],"22":[2,22],"23":[24,23],"24":[1,1]}}
}
