TN:
SF:src/constants/database.ts
FNF:0
FNH:0
DA:8,0
DA:13,0
DA:18,0
DA:23,0
DA:29,0
DA:34,0
LF:6
LH:0
BRF:0
BRH:0
end_of_record
TN:
SF:src/queue/idempotency.ts
FN:11,makeIdempotencyKey
FN:29,simpleHash
FN:42,generateUUID
FN:43,(anonymous_3)
FNF:4
FNH:4
FNDA:32,makeIdempotencyKey
FNDA:32,simpleHash
FNDA:32118,generateUUID
FNDA:995658,(anonymous_3)
DA:11,1
DA:18,32
DA:21,32
DA:22,32
DA:30,32
DA:31,32
DA:32,2985
DA:33,2985
DA:34,2985
DA:36,32
DA:42,1
DA:43,32118
DA:44,995658
DA:45,995658
DA:46,995658
LF:15
LH:15
BRDA:45,0,0,963540
BRDA:45,0,1,32118
BRF:2
BRH:2
end_of_record
TN:
SF:src/queue/sqlite.ts
FN:20,(anonymous_0)
FN:27,(anonymous_1)
FN:61,(anonymous_2)
FN:92,(anonymous_3)
FN:107,(anonymous_4)
FN:129,(anonymous_5)
FN:138,(anonymous_6)
FN:150,(anonymous_7)
FN:177,(anonymous_8)
FN:194,(anonymous_9)
FN:211,(anonymous_10)
FN:240,(anonymous_11)
FNF:12
FNH:12
FNDA:56,(anonymous_0)
FNDA:2,(anonymous_1)
FNDA:8,(anonymous_2)
FNDA:11,(anonymous_3)
FNDA:11,(anonymous_4)
FNDA:5,(anonymous_5)
FNDA:5,(anonymous_6)
FNDA:10,(anonymous_7)
FNDA:7,(anonymous_8)
FNDA:5,(anonymous_9)
FNDA:8,(anonymous_10)
FNDA:12,(anonymous_11)
DA:17,1
DA:21,56
DA:28,2
DA:47,1
DA:52,1
DA:62,8
DA:64,8
DA:93,11
DA:101,10
DA:113,11
DA:115,11
DA:130,5
DA:136,4
DA:138,4
DA:139,5
DA:140,3
DA:141,1
DA:144,4
DA:156,10
DA:157,10
DA:158,10
DA:161,10
DA:174,9
DA:175,9
DA:177,9
DA:178,7
DA:179,3
DA:182,9
DA:184,9
DA:195,5
DA:204,4
DA:205,1
DA:219,8
DA:220,8
DA:222,8
DA:223,8
DA:225,8
DA:226,2
DA:227,2
DA:230,8
DA:231,8
DA:233,8
DA:234,7
DA:241,12
LF:44
LH:44
BRDA:81,0,0,8
BRDA:81,0,1,7
BRDA:92,1,0,10
BRDA:122,2,0,11
BRDA:122,2,1,8
BRDA:139,3,0,2
BRDA:139,3,1,3
BRDA:140,4,0,2
BRDA:140,4,1,1
BRDA:141,5,0,1
BRDA:141,5,1,0
BRDA:178,6,0,4
BRDA:178,6,1,3
BRDA:179,7,0,3
BRDA:179,7,1,0
BRDA:204,8,0,3
BRDA:204,8,1,1
BRDA:219,9,0,8
BRDA:219,9,1,6
BRDA:220,10,0,8
BRDA:220,10,1,6
BRDA:225,11,0,2
BRDA:225,11,1,6
BRDA:253,12,0,12
BRDA:253,12,1,10
BRF:25
BRH:23
end_of_record
TN:
SF:src/queue/worker.ts
FN:24,(anonymous_0)
FN:35,(anonymous_1)
FN:45,(anonymous_2)
FN:57,(anonymous_3)
FN:110,(anonymous_4)
FN:113,(anonymous_5)
FNF:6
FNH:6
FNDA:37,(anonymous_0)
FNDA:12,(anonymous_1)
FNDA:6,(anonymous_2)
FNDA:34,(anonymous_3)
FNDA:21,(anonymous_4)
FNDA:10,(anonymous_5)
DA:19,1
DA:21,37
DA:22,37
DA:25,37
DA:36,12
DA:38,11
DA:39,11
DA:46,6
DA:48,6
DA:49,4
DA:50,4
DA:58,34
DA:60,33
DA:61,33
DA:63,33
DA:64,30
DA:65,30
DA:67,14
DA:69,11
DA:74,10
DA:77,2
DA:80,20
DA:81,20
DA:83,20
DA:85,9
DA:91,9
DA:94,11
DA:104,32
DA:111,21
DA:113,21
DA:114,10
DA:115,10
DA:117,1
DA:120,10
LF:34
LH:34
BRDA:27,0,0,37
BRDA:27,0,1,25
BRDA:28,1,0,37
BRDA:28,1,1,12
BRDA:36,2,0,1
BRDA:36,2,1,11
BRDA:48,3,0,4
BRDA:48,3,1,2
BRDA:67,4,0,11
BRDA:67,4,1,2
BRDA:67,5,0,14
BRDA:67,5,1,12
BRDA:81,6,0,19
BRDA:81,6,1,1
BRDA:83,7,0,9
BRDA:83,7,1,11
BRDA:111,8,0,0
BRDA:111,8,1,21
BRF:18
BRH:17
end_of_record
TN:
SF:src/rules/engine.ts
FN:16,(anonymous_0)
FN:21,(anonymous_1)
FN:128,(anonymous_2)
FNF:3
FNH:3
FNDA:28,(anonymous_0)
FNDA:28,(anonymous_1)
FNDA:2,(anonymous_2)
DA:15,1
DA:16,28
DA:22,28
DA:23,28
DA:24,28
DA:25,28
DA:30,28
DA:31,2
DA:32,2
DA:33,2
DA:34,2
DA:35,26
DA:37,2
DA:38,2
DA:39,2
DA:40,2
DA:46,28
DA:47,3
DA:50,3
DA:51,1
DA:52,1
DA:53,1
DA:54,1
DA:58,3
DA:59,3
DA:60,3
DA:61,3
DA:62,1
DA:63,1
DA:64,1
DA:65,1
DA:71,28
DA:72,4
DA:78,24
DA:79,3
DA:80,3
DA:87,24
DA:88,22
DA:89,2
DA:90,2
DA:91,20
DA:92,2
DA:93,2
DA:100,24
DA:105,2
DA:106,2
DA:112,24
DA:113,2
DA:114,2
DA:117,24
DA:129,2
LF:51
LH:51
BRDA:30,0,0,2
BRDA:30,0,1,26
BRDA:30,1,0,28
BRDA:30,1,1,26
BRDA:35,2,0,2
BRDA:35,2,1,24
BRDA:37,3,0,2
BRDA:37,3,1,0
BRDA:46,4,0,3
BRDA:46,4,1,25
BRDA:46,5,0,28
BRDA:46,5,1,27
BRDA:50,6,0,1
BRDA:50,6,1,2
BRDA:58,7,0,3
BRDA:58,7,1,0
BRDA:61,8,0,1
BRDA:61,8,1,2
BRDA:71,9,0,4
BRDA:71,9,1,24
BRDA:78,10,0,3
BRDA:78,10,1,21
BRDA:78,11,0,24
BRDA:78,11,1,22
BRDA:79,12,0,3
BRDA:79,12,1,0
BRDA:87,13,0,22
BRDA:87,13,1,2
BRDA:87,14,0,24
BRDA:87,14,1,23
BRDA:88,15,0,2
BRDA:88,15,1,20
BRDA:89,16,0,1
BRDA:89,16,1,1
BRDA:91,17,0,2
BRDA:91,17,1,18
BRDA:92,18,0,1
BRDA:92,18,1,1
BRDA:100,19,0,2
BRDA:100,19,1,22
BRDA:101,20,0,24
BRDA:101,20,1,23
BRDA:101,20,2,3
BRDA:105,21,0,1
BRDA:105,21,1,1
BRDA:112,22,0,2
BRDA:112,22,1,22
BRDA:112,23,0,24
BRDA:112,23,1,23
BRDA:113,24,0,1
BRDA:113,24,1,1
BRF:51
BRH:48
end_of_record
